Determining if the include file sys/types.h exists failed with the following output:
Change Dir: F:/Learn/esp/hello_world/build/CMakeFiles/CMakeTmp

Run Build Command(s):D:/ESP_IDF/Espressif/tools/ninja/1.11.1/ninja.exe cmTC_98b17 && ninja: error: unknown target 'cmTC_98b17'



Determining if the include file stddef.h exists failed with the following output:
Change Dir: F:/Learn/esp/hello_world/build/CMakeFiles/CMakeTmp

Run Build Command(s):D:/ESP_IDF/Espressif/tools/ninja/1.11.1/ninja.exe cmTC_4bcc1 && [1/2] Building C object CMakeFiles/cmTC_4bcc1.dir/CheckIncludeFile.c.obj
FAILED: CMakeFiles/cmTC_4bcc1.dir/CheckIncludeFile.c.obj 
D:\ESP_IDF\Espressif\tools\xtensa-esp-elf\esp-13.2.0_20230928\xtensa-esp-elf\bin\xtensa-esp32s3-elf-gcc.exe   -mlongcalls  -fno-builtin-memcpy -fno-builtin-memset -fno-builtin-bzero -fno-builtin-stpcpy -fno-builtin-strncpy -o CMakeFiles/cmTC_4bcc1.dir/CheckIncludeFile.c.obj -c F:/Learn/esp/hello_world/build/CMakeFiles/CMakeTmp/CheckIncludeFile.c
Assembler messages:
Fatal error: can't create CMakeFiles/cmTC_4bcc1.dir/CheckIncludeFile.c.obj: No such file or directory
ninja: build stopped: subcommand failed.



